------------------------------------------------------------------------------------------------------------------------

[2023-09-26 12:17:45 #1 store] 
Database 'C:\Users\Asier\Desktop\UNI\2-CURSO\2- CUATRI\IS1\IS1\repBets\src\main\resources\bets.temp' is opened by 9640@LAPTOP-2LSGMS7V

[2023-09-26 12:17:45 #2 type.registry] 
New type domain.Question

[2023-09-26 12:17:45 #3 type] 
Type domain.Question is not enhanced.

[2023-09-26 12:17:45 #4 type.registry] 
New type domain.Forecast

[2023-09-26 12:17:45 #5 type.registry] 
New type java.util.Vector<domain.Forecast>

[2023-09-26 12:17:45 #6 type.registry] 
New type domain.Event

[2023-09-26 12:17:45 #7 type] 
Type domain.Forecast is not enhanced.

[2023-09-26 12:17:45 #8 type.registry] 
New type domain.Bet

[2023-09-26 12:17:45 #9 type.registry] 
New type java.util.Vector<domain.Bet>

[2023-09-26 12:17:45 #10 type] 
Type domain.Event is not enhanced.

[2023-09-26 12:17:45 #11 type.registry] 
New type java.util.Vector<domain.Question>

[2023-09-26 12:17:45 #12 type] 
Type domain.Bet is not enhanced.

[2023-09-26 12:17:45 #13 type.registry] 
New type domain.User

[2023-09-26 12:17:45 #14 type] 
Type domain.User is not enhanced.

[2023-09-26 12:17:45 #15 type.registry] 
New type byte[]

[2023-09-26 12:17:45 #16 type.registry] 
New type domain.Card

[2023-09-26 12:17:45 #17 type.registry] 
New type java.util.Vector<domain.Card>

[2023-09-26 12:17:45 #18 type] 
Type domain.Card is not enhanced.

[2023-09-26 12:17:45 #19 type.registry] 
New type java.util.Vector<java.lang.Object>

