------------------------------------------------------------------------------------------------------------------------

[2023-10-03 12:32:48 #1 store] 
Database 'C:\Users\Asier\Desktop\IS2\IS2-RepBets\src\main\resources\bets.temp' is opened by 12764@LAPTOP-2LSGMS7V

[2023-10-03 12:32:49 #2 type] 
Type domain.Question is not enhanced.

[2023-10-03 12:32:49 #3 type] 
Type domain.Forecast is not enhanced.

[2023-10-03 12:32:49 #4 type] 
Type domain.Event is not enhanced.

[2023-10-03 12:32:49 #5 type] 
Type domain.Bet is not enhanced.

[2023-10-03 12:32:49 #6 type] 
Type domain.User is not enhanced.

[2023-10-03 12:32:49 #7 type] 
Type domain.Card is not enhanced.

------------------------------------------------------------------------------------------------------------------------

[2023-10-03 12:32:52 #1 store] 
Database 'C:\Users\Asier\Desktop\IS2\IS2-RepBets\src\main\resources\bets.temp' is opened by 2588@LAPTOP-2LSGMS7V

[2023-10-03 12:32:52 #2 type] 
Type domain.Question is not enhanced.

[2023-10-03 12:32:52 #3 type] 
Type domain.Forecast is not enhanced.

[2023-10-03 12:32:52 #4 type] 
Type domain.Event is not enhanced.

[2023-10-03 12:32:52 #5 type] 
Type domain.Bet is not enhanced.

[2023-10-03 12:32:52 #6 type] 
Type domain.User is not enhanced.

[2023-10-03 12:32:52 #7 type] 
Type domain.Card is not enhanced.

------------------------------------------------------------------------------------------------------------------------

[2023-10-03 12:37:10 #1 store] 
Database 'C:\Users\Asier\Desktop\IS2\IS2-RepBets\src\main\resources\bets.temp' is opened by 12992@LAPTOP-2LSGMS7V

[2023-10-03 12:37:10 #2 type] 
Type domain.Question is not enhanced.

[2023-10-03 12:37:10 #3 type] 
Type domain.Forecast is not enhanced.

[2023-10-03 12:37:10 #4 type] 
Type domain.Event is not enhanced.

[2023-10-03 12:37:10 #5 type] 
Type domain.Bet is not enhanced.

[2023-10-03 12:37:10 #6 type] 
Type domain.User is not enhanced.

[2023-10-03 12:37:10 #7 type] 
Type domain.Card is not enhanced.

------------------------------------------------------------------------------------------------------------------------

[2023-10-03 12:37:14 #1 store] 
Database 'C:\Users\Asier\Desktop\IS2\IS2-RepBets\src\main\resources\bets.temp' is opened by 11080@LAPTOP-2LSGMS7V

[2023-10-03 12:37:14 #2 type] 
Type domain.Question is not enhanced.

[2023-10-03 12:37:14 #3 type] 
Type domain.Forecast is not enhanced.

[2023-10-03 12:37:14 #4 type] 
Type domain.Event is not enhanced.

[2023-10-03 12:37:14 #5 type] 
Type domain.Bet is not enhanced.

[2023-10-03 12:37:14 #6 type] 
Type domain.User is not enhanced.

[2023-10-03 12:37:14 #7 type] 
Type domain.Card is not enhanced.

------------------------------------------------------------------------------------------------------------------------

[2023-10-03 13:02:27 #1 store] 
Database 'C:\Users\Asier\Desktop\IS2\IS2-RepBets\src\main\resources\bets.temp' is opened by 4692@LAPTOP-2LSGMS7V

[2023-10-03 13:02:27 #2 type] 
Type domain.Question is not enhanced.

[2023-10-03 13:02:27 #3 type] 
Type domain.Forecast is not enhanced.

[2023-10-03 13:02:27 #4 type] 
Type domain.Event is not enhanced.

[2023-10-03 13:02:27 #5 type] 
Type domain.Bet is not enhanced.

[2023-10-03 13:02:27 #6 type] 
Type domain.User is not enhanced.

[2023-10-03 13:02:27 #7 type] 
Type domain.Card is not enhanced.

------------------------------------------------------------------------------------------------------------------------

[2023-10-03 13:02:42 #1 store] 
Database 'C:\Users\Asier\Desktop\IS2\IS2-RepBets\src\main\resources\bets.temp' is opened by 7052@LAPTOP-2LSGMS7V

[2023-10-03 13:02:42 #2 type] 
Type domain.Question is not enhanced.

[2023-10-03 13:02:42 #3 type] 
Type domain.Forecast is not enhanced.

[2023-10-03 13:02:42 #4 type] 
Type domain.Event is not enhanced.

[2023-10-03 13:02:42 #5 type] 
Type domain.Bet is not enhanced.

[2023-10-03 13:02:42 #6 type] 
Type domain.User is not enhanced.

[2023-10-03 13:02:42 #7 type] 
Type domain.Card is not enhanced.

------------------------------------------------------------------------------------------------------------------------

[2023-10-03 13:06:28 #1 store] 
Database 'C:\Users\Asier\Desktop\IS2\IS2-RepBets\src\main\resources\bets.temp' is opened by 2064@LAPTOP-2LSGMS7V

[2023-10-03 13:06:28 #2 type] 
Type domain.Question is not enhanced.

[2023-10-03 13:06:28 #3 type] 
Type domain.Forecast is not enhanced.

[2023-10-03 13:06:28 #4 type] 
Type domain.Event is not enhanced.

[2023-10-03 13:06:28 #5 type] 
Type domain.Bet is not enhanced.

[2023-10-03 13:06:28 #6 type] 
Type domain.User is not enhanced.

[2023-10-03 13:06:28 #7 type] 
Type domain.Card is not enhanced.

------------------------------------------------------------------------------------------------------------------------

[2023-10-03 13:08:18 #1 store] 
Database 'C:\Users\Asier\Desktop\IS2\IS2-RepBets\src\main\resources\bets.temp' is opened by 8936@LAPTOP-2LSGMS7V

[2023-10-03 13:08:19 #2 type] 
Type domain.Question is not enhanced.

[2023-10-03 13:08:19 #3 type] 
Type domain.Forecast is not enhanced.

[2023-10-03 13:08:19 #4 type] 
Type domain.Event is not enhanced.

[2023-10-03 13:08:19 #5 type] 
Type domain.Bet is not enhanced.

[2023-10-03 13:08:19 #6 type] 
Type domain.User is not enhanced.

[2023-10-03 13:08:19 #7 type] 
Type domain.Card is not enhanced.

------------------------------------------------------------------------------------------------------------------------

[2023-10-03 13:11:54 #1 store] 
Database 'C:\Users\Asier\Desktop\IS2\IS2-RepBets\src\main\resources\bets.temp' is opened by 11560@LAPTOP-2LSGMS7V

[2023-10-03 13:11:55 #2 type] 
Type domain.Question is not enhanced.

[2023-10-03 13:11:55 #3 type] 
Type domain.Forecast is not enhanced.

[2023-10-03 13:11:55 #4 type] 
Type domain.Event is not enhanced.

[2023-10-03 13:11:55 #5 type] 
Type domain.Bet is not enhanced.

[2023-10-03 13:11:55 #6 type] 
Type domain.User is not enhanced.

[2023-10-03 13:11:55 #7 type] 
Type domain.Card is not enhanced.

------------------------------------------------------------------------------------------------------------------------

[2023-10-03 13:13:59 #1 store] 
Database 'C:\Users\Asier\Desktop\IS2\IS2-RepBets\src\main\resources\bets.temp' is opened by 844@LAPTOP-2LSGMS7V

[2023-10-03 13:14:00 #2 type] 
Type domain.Question is not enhanced.

[2023-10-03 13:14:00 #3 type] 
Type domain.Forecast is not enhanced.

[2023-10-03 13:14:00 #4 type] 
Type domain.Event is not enhanced.

[2023-10-03 13:14:00 #5 type] 
Type domain.Bet is not enhanced.

[2023-10-03 13:14:00 #6 type] 
Type domain.User is not enhanced.

[2023-10-03 13:14:00 #7 type] 
Type domain.Card is not enhanced.

------------------------------------------------------------------------------------------------------------------------

[2023-10-03 13:15:22 #1 store] 
Database 'C:\Users\Asier\Desktop\IS2\IS2-RepBets\src\main\resources\bets.temp' has been recovered (tr. 12-14)

[2023-10-03 13:15:22 #2 store] 
Database 'C:\Users\Asier\Desktop\IS2\IS2-RepBets\src\main\resources\bets.temp' is opened by 1852@LAPTOP-2LSGMS7V

[2023-10-03 13:15:22 #3 type] 
Type domain.Question is not enhanced.

[2023-10-03 13:15:22 #4 type] 
Type domain.Forecast is not enhanced.

[2023-10-03 13:15:22 #5 type] 
Type domain.Event is not enhanced.

[2023-10-03 13:15:22 #6 type] 
Type domain.Bet is not enhanced.

[2023-10-03 13:15:22 #7 type] 
Type domain.User is not enhanced.

[2023-10-03 13:15:22 #8 type] 
Type domain.Card is not enhanced.

------------------------------------------------------------------------------------------------------------------------

[2023-10-03 13:15:43 #1 store] 
Database 'C:\Users\Asier\Desktop\IS2\IS2-RepBets\src\main\resources\bets.temp' is opened by 13172@LAPTOP-2LSGMS7V

[2023-10-03 13:15:43 #2 type] 
Type domain.Question is not enhanced.

[2023-10-03 13:15:43 #3 type] 
Type domain.Forecast is not enhanced.

[2023-10-03 13:15:43 #4 type] 
Type domain.Event is not enhanced.

[2023-10-03 13:15:43 #5 type] 
Type domain.Bet is not enhanced.

[2023-10-03 13:15:43 #6 type] 
Type domain.User is not enhanced.

[2023-10-03 13:15:43 #7 type] 
Type domain.Card is not enhanced.

------------------------------------------------------------------------------------------------------------------------

[2023-10-03 13:16:08 #1 store] 
Database 'C:\Users\Asier\Desktop\IS2\IS2-RepBets\src\main\resources\bets.temp' is opened by 16736@LAPTOP-2LSGMS7V

[2023-10-03 13:16:08 #2 type] 
Type domain.Question is not enhanced.

[2023-10-03 13:16:08 #3 type] 
Type domain.Forecast is not enhanced.

[2023-10-03 13:16:08 #4 type] 
Type domain.Event is not enhanced.

[2023-10-03 13:16:08 #5 type] 
Type domain.Bet is not enhanced.

[2023-10-03 13:16:08 #6 type] 
Type domain.User is not enhanced.

[2023-10-03 13:16:08 #7 type] 
Type domain.Card is not enhanced.

