------------------------------------------------------------------------------------------------------------------------

[2023-10-06 09:08:36 #1 store] 
Database 'C:\Users\Asier\Desktop\IS2\IS2-RepBets\src\main\resources\bets.temp' has been recovered (tr. 15-15)

[2023-10-06 09:08:36 #2 store] 
Database 'C:\Users\Asier\Desktop\IS2\IS2-RepBets\src\main\resources\bets.temp' is opened by 18152@LAPTOP-2LSGMS7V

[2023-10-06 09:08:37 #3 type] 
Type domain.Question is not enhanced.

[2023-10-06 09:08:37 #4 type] 
Type domain.Forecast is not enhanced.

[2023-10-06 09:08:37 #5 type] 
Type domain.Event is not enhanced.

[2023-10-06 09:08:37 #6 type] 
Type domain.Bet is not enhanced.

[2023-10-06 09:08:37 #7 type] 
Type domain.User is not enhanced.

[2023-10-06 09:08:37 #8 type] 
Type domain.Card is not enhanced.

------------------------------------------------------------------------------------------------------------------------

[2023-10-06 09:08:46 #1 store] 
Database 'C:\Users\Asier\Desktop\IS2\IS2-RepBets\src\main\resources\bets.temp' has been recovered (tr. 16-33)

[2023-10-06 09:08:46 #2 store] 
Database 'C:\Users\Asier\Desktop\IS2\IS2-RepBets\src\main\resources\bets.temp' is opened by 15144@LAPTOP-2LSGMS7V

[2023-10-06 09:08:47 #3 type] 
Type domain.Question is not enhanced.

[2023-10-06 09:08:47 #4 type] 
Type domain.Forecast is not enhanced.

[2023-10-06 09:08:47 #5 type] 
Type domain.Event is not enhanced.

[2023-10-06 09:08:47 #6 type] 
Type domain.Bet is not enhanced.

[2023-10-06 09:08:47 #7 type] 
Type domain.User is not enhanced.

[2023-10-06 09:08:47 #8 type] 
Type domain.Card is not enhanced.

------------------------------------------------------------------------------------------------------------------------

[2023-10-06 10:27:00 #1 store] 
Database 'C:\Users\Asier\Desktop\IS2\IS2-RepBets\src\main\resources\bets.temp' has been recovered (tr. 34-51)

[2023-10-06 10:27:00 #2 store] 
Database 'C:\Users\Asier\Desktop\IS2\IS2-RepBets\src\main\resources\bets.temp' is opened by 2068@LAPTOP-2LSGMS7V

[2023-10-06 10:27:00 #3 type] 
Type domain.Question is not enhanced.

[2023-10-06 10:27:00 #4 type] 
Type domain.Forecast is not enhanced.

[2023-10-06 10:27:00 #5 type] 
Type domain.Event is not enhanced.

[2023-10-06 10:27:00 #6 type] 
Type domain.Bet is not enhanced.

[2023-10-06 10:27:00 #7 type] 
Type domain.User is not enhanced.

[2023-10-06 10:27:00 #8 type] 
Type domain.Card is not enhanced.

------------------------------------------------------------------------------------------------------------------------

[2023-10-06 10:27:07 #1 store] 
Database 'C:\Users\Asier\Desktop\IS2\IS2-RepBets\src\main\resources\bets.temp' has been recovered (tr. 52-53)

[2023-10-06 10:27:07 #2 store] 
Database 'C:\Users\Asier\Desktop\IS2\IS2-RepBets\src\main\resources\bets.temp' is opened by 20360@LAPTOP-2LSGMS7V

[2023-10-06 10:27:08 #3 type] 
Type domain.Question is not enhanced.

[2023-10-06 10:27:08 #4 type] 
Type domain.Forecast is not enhanced.

[2023-10-06 10:27:08 #5 type] 
Type domain.Event is not enhanced.

[2023-10-06 10:27:08 #6 type] 
Type domain.Bet is not enhanced.

[2023-10-06 10:27:08 #7 type] 
Type domain.User is not enhanced.

[2023-10-06 10:27:08 #8 type] 
Type domain.Card is not enhanced.

